# JRE version: OpenJDK Runtime Environment (8.0_112-b06) (build 1.8.0_112-release-b06)
# Java VM: OpenJDK 64-Bit Server VM (25.112-b06 mixed mode linux-amd64 compressed oops)
Heap:
 PSYoungGen      total 442880K, used 0K [0x00000000e0000000, 0x0000000100000000, 0x0000000100000000)
  eden space 397312K, 0% used [0x00000000e0000000,0x00000000e0000000,0x00000000f8400000)
  from space 45568K, 0% used [0x00000000fd380000,0x00000000fd380000,0x0000000100000000)
  to   space 63488K, 0% used [0x00000000f8400000,0x00000000f8400000,0x00000000fc200000)
 ParOldGen       total 108544K, used 95014K [0x00000000a0000000, 0x00000000a6a00000, 0x00000000e0000000)
  object space 108544K, 87% used [0x00000000a0000000,0x00000000a5cc9938,0x00000000a6a00000)
 Metaspace       used 58580K, capacity 60406K, committed 61080K, reserved 1101824K
  class space    used 7580K, capacity 7938K, committed 8112K, reserved 1048576K
GC Heap History (10 events):
Event: 1537.762 GC heap after
Heap after GC invocations=13 (full 2):
 PSYoungGen      total 343040K, used 14452K [0x00000000e0000000, 0x00000000fde80000, 0x0000000100000000)
  eden space 320512K, 0% used [0x00000000e0000000,0x00000000e0000000,0x00000000f3900000)
  from space 22528K, 64% used [0x00000000f3900000,0x00000000f471d0c0,0x00000000f4f00000)
  to   space 22528K, 0% used [0x00000000fc880000,0x00000000fc880000,0x00000000fde80000)
 ParOldGen       total 68096K, used 34531K [0x00000000a0000000, 0x00000000a4280000, 0x00000000e0000000)
  object space 68096K, 50% used [0x00000000a0000000,0x00000000a21b8ec0,0x00000000a4280000)
 Metaspace       used 57130K, capacity 59082K, committed 59160K, reserved 1099776K
  class space    used 7540K, capacity 7932K, committed 7984K, reserved 1048576K
}
Event: 1537.762 GC heap before
{Heap before GC invocations=14 (full 3):
 PSYoungGen      total 343040K, used 14452K [0x00000000e0000000, 0x00000000fde80000, 0x0000000100000000)
  eden space 320512K, 0% used [0x00000000e0000000,0x00000000e0000000,0x00000000f3900000)
  from space 22528K, 64% used [0x00000000f3900000,0x00000000f471d0c0,0x00000000f4f00000)
  to   space 22528K, 0% used [0x00000000fc880000,0x00000000fc880000,0x00000000fde80000)
 ParOldGen       total 68096K, used 34531K [0x00000000a0000000, 0x00000000a4280000, 0x00000000e0000000)
  object space 68096K, 50% used [0x00000000a0000000,0x00000000a21b8ec0,0x00000000a4280000)
 Metaspace       used 57130K, capacity 59082K, committed 59160K, reserved 1099776K
  class space    used 7540K, capacity 7932K, committed 7984K, reserved 1048576K
Event: 1538.737 GC heap after
Heap after GC invocations=14 (full 3):
 PSYoungGen      total 343040K, used 0K [0x00000000e0000000, 0x00000000fde80000, 0x0000000100000000)
  eden space 320512K, 0% used [0x00000000e0000000,0x00000000e0000000,0x00000000f3900000)
  from space 22528K, 0% used [0x00000000f3900000,0x00000000f3900000,0x00000000f4f00000)
  to   space 22528K, 0% used [0x00000000fc880000,0x00000000fc880000,0x00000000fde80000)
 ParOldGen       total 103936K, used 39643K [0x00000000a0000000, 0x00000000a6580000, 0x00000000e0000000)
  object space 103936K, 38% used [0x00000000a0000000,0x00000000a26b6ce0,0x00000000a6580000)
 Metaspace       used 57116K, capacity 59048K, committed 59160K, reserved 1099776K
  class space    used 7535K, capacity 7923K, committed 7984K, reserved 1048576K
}
Event: 1546.004 GC heap before
{Heap before GC invocations=15 (full 3):
 PSYoungGen      total 343040K, used 320512K [0x00000000e0000000, 0x00000000fde80000, 0x0000000100000000)
  eden space 320512K, 100% used [0x00000000e0000000,0x00000000f3900000,0x00000000f3900000)
  from space 22528K, 0% used [0x00000000f3900000,0x00000000f3900000,0x00000000f4f00000)
  to   space 22528K, 0% used [0x00000000fc880000,0x00000000fc880000,0x00000000fde80000)
 ParOldGen       total 103936K, used 39643K [0x00000000a0000000, 0x00000000a6580000, 0x00000000e0000000)
  object space 103936K, 38% used [0x00000000a0000000,0x00000000a26b6ce0,0x00000000a6580000)
 Metaspace       used 58280K, capacity 60298K, committed 60568K, reserved 1101824K
  class space    used 7621K, capacity 8020K, committed 8112K, reserved 1048576K
Event: 1546.213 GC heap after
Heap after GC invocations=15 (full 3):
 PSYoungGen      total 457728K, used 22501K [0x00000000e0000000, 0x00000000ffd00000, 0x0000000100000000)
  eden space 435200K, 0% used [0x00000000e0000000,0x00000000e0000000,0x00000000fa900000)
  from space 22528K, 99% used [0x00000000fc880000,0x00000000fde796b8,0x00000000fde80000)
  to   space 32256K, 0% used [0x00000000fa900000,0x00000000fa900000,0x00000000fc880000)
 ParOldGen       total 103936K, used 57550K [0x00000000a0000000, 0x00000000a6580000, 0x00000000e0000000)
  object space 103936K, 55% used [0x00000000a0000000,0x00000000a3833b70,0x00000000a6580000)
 Metaspace       used 58280K, capacity 60298K, committed 60568K, reserved 1101824K
  class space    used 7621K, capacity 8020K, committed 8112K, reserved 1048576K
}
Event: 1553.026 GC heap before
{Heap before GC invocations=16 (full 3):
 PSYoungGen      total 457728K, used 457701K [0x00000000e0000000, 0x00000000ffd00000, 0x0000000100000000)
  eden space 435200K, 100% used [0x00000000e0000000,0x00000000fa900000,0x00000000fa900000)
  from space 22528K, 99% used [0x00000000fc880000,0x00000000fde796b8,0x00000000fde80000)
  to   space 32256K, 0% used [0x00000000fa900000,0x00000000fa900000,0x00000000fc880000)
 ParOldGen       total 103936K, used 57550K [0x00000000a0000000, 0x00000000a6580000, 0x00000000e0000000)
  object space 103936K, 55% used [0x00000000a0000000,0x00000000a3833b70,0x00000000a6580000)
 Metaspace       used 58638K, capacity 60618K, committed 60824K, reserved 1101824K
  class space    used 7624K, capacity 8020K, committed 8112K, reserved 1048576K
Event: 1553.500 GC heap after
Heap after GC invocations=16 (full 3):
 PSYoungGen      total 467456K, used 32229K [0x00000000e0000000, 0x0000000100000000, 0x0000000100000000)
  eden space 435200K, 0% used [0x00000000e0000000,0x00000000e0000000,0x00000000fa900000)
  from space 32256K, 99% used [0x00000000fa900000,0x00000000fc879610,0x00000000fc880000)
  to   space 45568K, 0% used [0x00000000fd380000,0x00000000fd380000,0x0000000100000000)
 ParOldGen       total 103936K, used 80002K [0x00000000a0000000, 0x00000000a6580000, 0x00000000e0000000)
  object space 103936K, 76% used [0x00000000a0000000,0x00000000a4e20988,0x00000000a6580000)
 Metaspace       used 58638K, capacity 60618K, committed 60824K, reserved 1101824K
  class space    used 7624K, capacity 8020K, committed 8112K, reserved 1048576K
}
Event: 1558.873 GC heap before
{Heap before GC invocations=17 (full 3):
 PSYoungGen      total 467456K, used 467429K [0x00000000e0000000, 0x0000000100000000, 0x0000000100000000)
  eden space 435200K, 100% used [0x00000000e0000000,0x00000000fa900000,0x00000000fa900000)
  from space 32256K, 99% used [0x00000000fa900000,0x00000000fc879610,0x00000000fc880000)
  to   space 45568K, 0% used [0x00000000fd380000,0x00000000fd380000,0x0000000100000000)
 ParOldGen       total 103936K, used 80002K [0x00000000a0000000, 0x00000000a6580000, 0x00000000e0000000)
  object space 103936K, 76% used [0x00000000a0000000,0x00000000a4e20988,0x00000000a6580000)
 Metaspace       used 58868K, capacity 60874K, committed 61080K, reserved 1101824K
  class space    used 7625K, capacity 8020K, committed 8112K, reserved 1048576K
Event: 1560.421 GC heap after
Heap after GC invocations=17 (full 3):
 PSYoungGen      total 442880K, used 45545K [0x00000000e0000000, 0x0000000100000000, 0x0000000100000000)
  eden space 397312K, 0% used [0x00000000e0000000,0x00000000e0000000,0x00000000f8400000)
  from space 45568K, 99% used [0x00000000fd380000,0x00000000ffffa600,0x0000000100000000)
  to   space 63488K, 0% used [0x00000000f8400000,0x00000000f8400000,0x00000000fc200000)
 ParOldGen       total 108544K, used 108397K [0x00000000a0000000, 0x00000000a6a00000, 0x00000000e0000000)
  object space 108544K, 99% used [0x00000000a0000000,0x00000000a69db730,0x00000000a6a00000)
 Metaspace       used 58868K, capacity 60874K, committed 61080K, reserved 1101824K
  class space    used 7625K, capacity 8020K, committed 8112K, reserved 1048576K
}
Event: 1560.918 GC heap before
{Heap before GC invocations=18 (full 4):
 PSYoungGen      total 442880K, used 45545K [0x00000000e0000000, 0x0000000100000000, 0x0000000100000000)
  eden space 397312K, 0% used [0x00000000e0000000,0x00000000e0000000,0x00000000f8400000)
  from space 45568K, 99% used [0x00000000fd380000,0x00000000ffffa600,0x0000000100000000)
  to   space 63488K, 0% used [0x00000000f8400000,0x00000000f8400000,0x00000000fc200000)
 ParOldGen       total 108544K, used 108397K [0x00000000a0000000, 0x00000000a6a00000, 0x00000000e0000000)
  object space 108544K, 99% used [0x00000000a0000000,0x00000000a69db730,0x00000000a6a00000)
 Metaspace       used 58868K, capacity 60874K, committed 61080K, reserved 1101824K
  class space    used 7625K, capacity 8020K, committed 8112K, reserved 1048576K

